<?xml version="1.0" encoding="UTF-8"?>
<!-- Generated by org.testng.reporters.JUnitXMLReporter -->
<testsuite ignored="0" hostname="kb-PC" failures="0" tests="4" name="Default test" time="2.124" errors="0" timestamp="2021-07-10T12:51:37 IST">
  <testcase classname="UserTestSuite.ContractTestSuite" name="test_createData" time="1.982"/>
  <testcase classname="UserTestSuite.ContractTestSuite" name="test_deleteUserDetails" time="0.029"/>
  <testcase classname="UserTestSuite.ContractTestSuite" name="test_modifyUserDetails" time="0.036"/>
  <testcase classname="UserTestSuite.ContractTestSuite" name="test_userNotfound" time="0.02"/>
</testsuite> <!-- Default test -->
