<?xml version="1.0" encoding="UTF-8"?>
<!-- Generated by org.testng.reporters.JUnitXMLReporter -->
<testsuite ignored="0" hostname="kb-PC" failures="0" tests="8" name="Test" time="8.163" errors="0" timestamp="2021-07-10T13:10:07 IST">
  <testcase classname="UserTestSuite.ContractTestSuite" name="test_createData" time="2.445"/>
  <testcase classname="UserTestSuite.ContractTestSuite" name="test_deleteUserDetails" time="0.035"/>
  <testcase classname="UserTestSuite.ContractTestSuite" name="test_modifyUserDetails" time="0.065"/>
  <testcase classname="UserTestSuite.ContractTestSuite" name="test_userNotfound" time="0.034"/>
  <testcase classname="UserTestSuite.UserDataTestSuite" name="test_createData" time="3.718"/>
  <testcase classname="UserTestSuite.UserDataTestSuite" name="test_deleteUserDetails" time="0.627"/>
  <testcase classname="UserTestSuite.UserDataTestSuite" name="test_modifyUserDetails" time="0.623"/>
  <testcase classname="UserTestSuite.UserDataTestSuite" name="test_userNotfound" time="0.531"/>
</testsuite> <!-- Test -->
