<?xml version="1.0" encoding="UTF-8"?>
<!-- Generated by org.testng.reporters.JUnitXMLReporter -->
<testsuite ignored="0" hostname="kb-PC" failures="0" tests="8" name="Test" time="5.858" errors="0" timestamp="2021-07-10T14:11:37 IST">
  <testcase classname="UserTestSuite.ContractTestSuite" name="test_createData" time="2.0"/>
  <testcase classname="UserTestSuite.ContractTestSuite" name="test_deleteUserDetails" time="0.034"/>
  <testcase classname="UserTestSuite.ContractTestSuite" name="test_modifyUserDetails" time="0.03"/>
  <testcase classname="UserTestSuite.ContractTestSuite" name="test_userNotfound" time="0.033"/>
  <testcase classname="UserTestSuite.UserDataTestSuite" name="test_createData" time="1.97"/>
  <testcase classname="UserTestSuite.UserDataTestSuite" name="test_deleteUserDetails" time="0.572"/>
  <testcase classname="UserTestSuite.UserDataTestSuite" name="test_modifyUserDetails" time="0.568"/>
  <testcase classname="UserTestSuite.UserDataTestSuite" name="test_userNotfound" time="0.563"/>
</testsuite> <!-- Test -->
