<?xml version="1.0" encoding="UTF-8"?>
<testng-results ignored="0" total="8" passed="8" failed="0" skipped="0">
  <reporter-output>
  </reporter-output>
  <suite started-at="2021-07-10T13:09:58 IST" name="Suite" finished-at="2021-07-10T13:10:06 IST" duration-ms="8163">
    <groups>
    </groups>
    <test started-at="2021-07-10T13:09:58 IST" name="Test" finished-at="2021-07-10T13:10:06 IST" duration-ms="8163">
      <class name="UserTestSuite.UserDataTestSuite">
        <test-method signature="test_createData()[pri:0, instance:UserTestSuite.UserDataTestSuite@35047d03]" started-at="2021-07-10T13:10:01 IST" name="test_createData" finished-at="2021-07-10T13:10:05 IST" duration-ms="3718" status="PASS">
          <reporter-output>
          </reporter-output>
        </test-method> <!-- test_createData -->
        <test-method signature="test_deleteUserDetails()[pri:0, instance:UserTestSuite.UserDataTestSuite@35047d03]" started-at="2021-07-10T13:10:05 IST" name="test_deleteUserDetails" finished-at="2021-07-10T13:10:05 IST" duration-ms="627" status="PASS">
          <reporter-output>
          </reporter-output>
        </test-method> <!-- test_deleteUserDetails -->
        <test-method signature="test_modifyUserDetails()[pri:0, instance:UserTestSuite.UserDataTestSuite@35047d03]" started-at="2021-07-10T13:10:05 IST" name="test_modifyUserDetails" finished-at="2021-07-10T13:10:06 IST" duration-ms="623" status="PASS">
          <reporter-output>
          </reporter-output>
        </test-method> <!-- test_modifyUserDetails -->
        <test-method signature="test_userNotfound()[pri:0, instance:UserTestSuite.UserDataTestSuite@35047d03]" started-at="2021-07-10T13:10:06 IST" name="test_userNotfound" finished-at="2021-07-10T13:10:06 IST" duration-ms="531" status="PASS">
          <reporter-output>
          </reporter-output>
        </test-method> <!-- test_userNotfound -->
      </class> <!-- UserTestSuite.UserDataTestSuite -->
      <class name="UserTestSuite.ContractTestSuite">
        <test-method signature="test_createData()[pri:0, instance:UserTestSuite.ContractTestSuite@1184ab05]" started-at="2021-07-10T13:09:58 IST" name="test_createData" finished-at="2021-07-10T13:10:01 IST" duration-ms="2445" status="PASS">
          <reporter-output>
          </reporter-output>
        </test-method> <!-- test_createData -->
        <test-method signature="test_deleteUserDetails()[pri:0, instance:UserTestSuite.ContractTestSuite@1184ab05]" started-at="2021-07-10T13:10:01 IST" name="test_deleteUserDetails" finished-at="2021-07-10T13:10:01 IST" duration-ms="35" status="PASS">
          <reporter-output>
          </reporter-output>
        </test-method> <!-- test_deleteUserDetails -->
        <test-method signature="test_modifyUserDetails()[pri:0, instance:UserTestSuite.ContractTestSuite@1184ab05]" started-at="2021-07-10T13:10:01 IST" name="test_modifyUserDetails" finished-at="2021-07-10T13:10:01 IST" duration-ms="65" status="PASS">
          <reporter-output>
          </reporter-output>
        </test-method> <!-- test_modifyUserDetails -->
        <test-method signature="test_userNotfound()[pri:0, instance:UserTestSuite.ContractTestSuite@1184ab05]" started-at="2021-07-10T13:10:01 IST" name="test_userNotfound" finished-at="2021-07-10T13:10:01 IST" duration-ms="34" status="PASS">
          <reporter-output>
          </reporter-output>
        </test-method> <!-- test_userNotfound -->
      </class> <!-- UserTestSuite.ContractTestSuite -->
    </test> <!-- Test -->
  </suite> <!-- Suite -->
</testng-results>
