<?xml version="1.0" encoding="UTF-8"?>
<testng-results ignored="0" total="8" passed="8" failed="0" skipped="0">
  <reporter-output>
  </reporter-output>
  <suite started-at="2021-07-10T14:11:31 IST" name="Suite" finished-at="2021-07-10T14:11:37 IST" duration-ms="5858">
    <groups>
    </groups>
    <test started-at="2021-07-10T14:11:31 IST" name="Test" finished-at="2021-07-10T14:11:37 IST" duration-ms="5858">
      <class name="UserTestSuite.UserDataTestSuite">
        <test-method signature="test_createData()[pri:0, instance:UserTestSuite.UserDataTestSuite@7c0c77c7]" started-at="2021-07-10T14:11:33 IST" name="test_createData" finished-at="2021-07-10T14:11:35 IST" duration-ms="1970" status="PASS">
          <reporter-output>
          </reporter-output>
        </test-method> <!-- test_createData -->
        <test-method signature="test_deleteUserDetails()[pri:0, instance:UserTestSuite.UserDataTestSuite@7c0c77c7]" started-at="2021-07-10T14:11:35 IST" name="test_deleteUserDetails" finished-at="2021-07-10T14:11:36 IST" duration-ms="572" status="PASS">
          <reporter-output>
          </reporter-output>
        </test-method> <!-- test_deleteUserDetails -->
        <test-method signature="test_modifyUserDetails()[pri:0, instance:UserTestSuite.UserDataTestSuite@7c0c77c7]" started-at="2021-07-10T14:11:36 IST" name="test_modifyUserDetails" finished-at="2021-07-10T14:11:37 IST" duration-ms="568" status="PASS">
          <reporter-output>
          </reporter-output>
        </test-method> <!-- test_modifyUserDetails -->
        <test-method signature="test_userNotfound()[pri:0, instance:UserTestSuite.UserDataTestSuite@7c0c77c7]" started-at="2021-07-10T14:11:37 IST" name="test_userNotfound" finished-at="2021-07-10T14:11:37 IST" duration-ms="563" status="PASS">
          <reporter-output>
          </reporter-output>
        </test-method> <!-- test_userNotfound -->
      </class> <!-- UserTestSuite.UserDataTestSuite -->
      <class name="UserTestSuite.ContractTestSuite">
        <test-method signature="test_createData()[pri:0, instance:UserTestSuite.ContractTestSuite@75329a49]" started-at="2021-07-10T14:11:31 IST" name="test_createData" finished-at="2021-07-10T14:11:33 IST" duration-ms="2000" status="PASS">
          <reporter-output>
          </reporter-output>
        </test-method> <!-- test_createData -->
        <test-method signature="test_deleteUserDetails()[pri:0, instance:UserTestSuite.ContractTestSuite@75329a49]" started-at="2021-07-10T14:11:33 IST" name="test_deleteUserDetails" finished-at="2021-07-10T14:11:33 IST" duration-ms="34" status="PASS">
          <reporter-output>
          </reporter-output>
        </test-method> <!-- test_deleteUserDetails -->
        <test-method signature="test_modifyUserDetails()[pri:0, instance:UserTestSuite.ContractTestSuite@75329a49]" started-at="2021-07-10T14:11:33 IST" name="test_modifyUserDetails" finished-at="2021-07-10T14:11:33 IST" duration-ms="30" status="PASS">
          <reporter-output>
          </reporter-output>
        </test-method> <!-- test_modifyUserDetails -->
        <test-method signature="test_userNotfound()[pri:0, instance:UserTestSuite.ContractTestSuite@75329a49]" started-at="2021-07-10T14:11:33 IST" name="test_userNotfound" finished-at="2021-07-10T14:11:33 IST" duration-ms="33" status="PASS">
          <reporter-output>
          </reporter-output>
        </test-method> <!-- test_userNotfound -->
      </class> <!-- UserTestSuite.ContractTestSuite -->
    </test> <!-- Test -->
  </suite> <!-- Suite -->
</testng-results>
